<?xml version="1.0" encoding="UTF-8"?>
<!-- Generated by org.testng.reporters.JUnitXMLReporter -->
<testsuite ignored="0" hostname="DESKTOP-8KMDSOO" failures="0" tests="3" name="Default test" time="54.425" errors="0" timestamp="2022-10-18T16:29:51 IST">
  <testcase classname="com.ecommerce.flipkartecommerce.testFlipkart" name="loadtime" time="0.231"/>
  <testcase classname="com.ecommerce.flipkartecommerce.testFlipkart" name="search" time="6.726"/>
  <testcase classname="com.ecommerce.flipkartecommerce.testFlipkart" name="scroll" time="6.26"/>
</testsuite> <!-- Default test -->
