<?xml version="1.0" encoding="UTF-8"?>
<testng-results ignored="0" total="3" passed="3" failed="0" skipped="0">
  <reporter-output>
  </reporter-output>
  <suite started-at="2022-10-18T16:28:57 IST" name="Default suite" finished-at="2022-10-18T16:29:51 IST" duration-ms="54425">
    <groups>
    </groups>
    <test started-at="2022-10-18T16:28:57 IST" name="Default test" finished-at="2022-10-18T16:29:51 IST" duration-ms="54425">
      <class name="com.ecommerce.flipkartecommerce.testFlipkart">
        <test-method is-config="true" signature="startBrowser()[pri:0, instance:com.ecommerce.flipkartecommerce.testFlipkart@7e7be63f]" started-at="2022-10-18T16:28:57 IST" name="startBrowser" finished-at="2022-10-18T16:29:37 IST" duration-ms="40660" status="PASS">
          <reporter-output>
          </reporter-output>
        </test-method> <!-- startBrowser -->
        <test-method signature="loadtime()[pri:1, instance:com.ecommerce.flipkartecommerce.testFlipkart@7e7be63f]" started-at="2022-10-18T16:29:37 IST" name="loadtime" finished-at="2022-10-18T16:29:38 IST" duration-ms="231" status="PASS">
          <reporter-output>
          </reporter-output>
        </test-method> <!-- loadtime -->
        <test-method signature="search()[pri:2, instance:com.ecommerce.flipkartecommerce.testFlipkart@7e7be63f]" started-at="2022-10-18T16:29:38 IST" name="search" finished-at="2022-10-18T16:29:44 IST" duration-ms="6726" status="PASS">
          <reporter-output>
          </reporter-output>
        </test-method> <!-- search -->
        <test-method signature="scroll()[pri:3, instance:com.ecommerce.flipkartecommerce.testFlipkart@7e7be63f]" started-at="2022-10-18T16:29:44 IST" name="scroll" finished-at="2022-10-18T16:29:51 IST" duration-ms="6260" status="PASS">
          <reporter-output>
          </reporter-output>
        </test-method> <!-- scroll -->
        <test-method is-config="true" signature="closeBrowser()[pri:0, instance:com.ecommerce.flipkartecommerce.testFlipkart@7e7be63f]" started-at="2022-10-18T16:29:51 IST" name="closeBrowser" finished-at="2022-10-18T16:29:51 IST" duration-ms="425" status="PASS">
          <reporter-output>
          </reporter-output>
        </test-method> <!-- closeBrowser -->
      </class> <!-- com.ecommerce.flipkartecommerce.testFlipkart -->
    </test> <!-- Default test -->
  </suite> <!-- Default suite -->
</testng-results>
